2024-07-08T09:25:47.335+05:30  INFO 21272 --- [ThirdPartyLibraryUpgrade] [main] com.tplu.ThirdPartyLibraryUpgrade        : Starting ThirdPartyLibraryUpgrade using Java 22.0.1 with PID 21272 (C:\Users\gkumar12\IdeaProjects\ThirdPartyLibraryUpgrade_backend\target\classes started by gkumar12 in C:\Users\gkumar12\IdeaProjects\ThirdPartyLibraryUpgrade_backend)
2024-07-08T09:25:47.348+05:30  INFO 21272 --- [ThirdPartyLibraryUpgrade] [main] com.tplu.ThirdPartyLibraryUpgrade        : No active profile set, falling back to 1 default profile: "default"
2024-07-08T09:25:48.889+05:30  INFO 21272 --- [ThirdPartyLibraryUpgrade] [main] o.s.b.w.embedded.tomcat.TomcatWebServer  : Tomcat initialized with port 9001 (http)
2024-07-08T09:25:48.905+05:30  INFO 21272 --- [ThirdPartyLibraryUpgrade] [main] o.apache.catalina.core.StandardService   : Starting service [Tomcat]
2024-07-08T09:25:48.905+05:30  INFO 21272 --- [ThirdPartyLibraryUpgrade] [main] o.apache.catalina.core.StandardEngine    : Starting Servlet engine: [Apache Tomcat/10.1.24]
2024-07-08T09:25:48.971+05:30  INFO 21272 --- [ThirdPartyLibraryUpgrade] [main] o.a.c.c.C.[Tomcat].[localhost].[/]       : Initializing Spring embedded WebApplicationContext
2024-07-08T09:25:48.972+05:30  INFO 21272 --- [ThirdPartyLibraryUpgrade] [main] w.s.c.ServletWebServerApplicationContext : Root WebApplicationContext: initialization completed in 1545 ms
2024-07-08T09:25:49.645+05:30  WARN 21272 --- [ThirdPartyLibraryUpgrade] [main] ion$DefaultTemplateResolverConfiguration : Cannot find template location: classpath:/templates/ (please add some templates, check your Thymeleaf configuration, or set spring.thymeleaf.check-template-location=false)
2024-07-08T09:25:49.812+05:30  INFO 21272 --- [ThirdPartyLibraryUpgrade] [main] o.s.b.w.embedded.tomcat.TomcatWebServer  : Tomcat started on port 9001 (http) with context path '/'
2024-07-08T09:25:49.825+05:30  INFO 21272 --- [ThirdPartyLibraryUpgrade] [main] com.tplu.ThirdPartyLibraryUpgrade        : Started ThirdPartyLibraryUpgrade in 3.29 seconds (process running for 3.826)
2024-07-08T09:26:18.911+05:30  INFO 21272 --- [ThirdPartyLibraryUpgrade] [http-nio-9001-exec-1] o.a.c.c.C.[Tomcat].[localhost].[/]       : Initializing Spring DispatcherServlet 'dispatcherServlet'
2024-07-08T09:26:18.911+05:30  INFO 21272 --- [ThirdPartyLibraryUpgrade] [http-nio-9001-exec-1] o.s.web.servlet.DispatcherServlet        : Initializing Servlet 'dispatcherServlet'
2024-07-08T09:26:18.912+05:30  INFO 21272 --- [ThirdPartyLibraryUpgrade] [http-nio-9001-exec-1] o.s.web.servlet.DispatcherServlet        : Completed initialization in 1 ms
2024-07-08T09:29:24.094+05:30  INFO 5220 --- [ThirdPartyLibraryUpgrade] [main] com.tplu.ThirdPartyLibraryUpgrade        : Starting ThirdPartyLibraryUpgrade using Java 22.0.1 with PID 5220 (C:\Users\gkumar12\IdeaProjects\ThirdPartyLibraryUpgrade_backend\target\classes started by gkumar12 in C:\Users\gkumar12\IdeaProjects\ThirdPartyLibraryUpgrade_backend)
2024-07-08T09:29:24.097+05:30  INFO 5220 --- [ThirdPartyLibraryUpgrade] [main] com.tplu.ThirdPartyLibraryUpgrade        : No active profile set, falling back to 1 default profile: "default"
2024-07-08T09:29:25.477+05:30  INFO 5220 --- [ThirdPartyLibraryUpgrade] [main] o.s.b.w.embedded.tomcat.TomcatWebServer  : Tomcat initialized with port 9001 (http)
2024-07-08T09:29:25.491+05:30  INFO 5220 --- [ThirdPartyLibraryUpgrade] [main] o.apache.catalina.core.StandardService   : Starting service [Tomcat]
2024-07-08T09:29:25.491+05:30  INFO 5220 --- [ThirdPartyLibraryUpgrade] [main] o.apache.catalina.core.StandardEngine    : Starting Servlet engine: [Apache Tomcat/10.1.24]
2024-07-08T09:29:25.574+05:30  INFO 5220 --- [ThirdPartyLibraryUpgrade] [main] o.a.c.c.C.[Tomcat].[localhost].[/]       : Initializing Spring embedded WebApplicationContext
2024-07-08T09:29:25.574+05:30  INFO 5220 --- [ThirdPartyLibraryUpgrade] [main] w.s.c.ServletWebServerApplicationContext : Root WebApplicationContext: initialization completed in 1400 ms
2024-07-08T09:29:26.178+05:30  WARN 5220 --- [ThirdPartyLibraryUpgrade] [main] ion$DefaultTemplateResolverConfiguration : Cannot find template location: classpath:/templates/ (please add some templates, check your Thymeleaf configuration, or set spring.thymeleaf.check-template-location=false)
2024-07-08T09:29:26.257+05:30  INFO 5220 --- [ThirdPartyLibraryUpgrade] [main] o.s.b.w.embedded.tomcat.TomcatWebServer  : Tomcat started on port 9001 (http) with context path '/'
2024-07-08T09:29:26.265+05:30  INFO 5220 --- [ThirdPartyLibraryUpgrade] [main] com.tplu.ThirdPartyLibraryUpgrade        : Started ThirdPartyLibraryUpgrade in 3.017 seconds (process running for 3.519)
2024-07-08T09:29:39.487+05:30  INFO 5220 --- [ThirdPartyLibraryUpgrade] [http-nio-9001-exec-1] o.a.c.c.C.[Tomcat].[localhost].[/]       : Initializing Spring DispatcherServlet 'dispatcherServlet'
2024-07-08T09:29:39.487+05:30  INFO 5220 --- [ThirdPartyLibraryUpgrade] [http-nio-9001-exec-1] o.s.web.servlet.DispatcherServlet        : Initializing Servlet 'dispatcherServlet'
2024-07-08T09:29:39.487+05:30  INFO 5220 --- [ThirdPartyLibraryUpgrade] [http-nio-9001-exec-1] o.s.web.servlet.DispatcherServlet        : Completed initialization in 0 ms
2024-07-08T09:31:35.343+05:30  INFO 9632 --- [ThirdPartyLibraryUpgrade] [main] com.tplu.ThirdPartyLibraryUpgrade        : Starting ThirdPartyLibraryUpgrade using Java 22.0.1 with PID 9632 (C:\Users\gkumar12\IdeaProjects\ThirdPartyLibraryUpgrade_backend\target\classes started by gkumar12 in C:\Users\gkumar12\IdeaProjects\ThirdPartyLibraryUpgrade_backend)
2024-07-08T09:31:35.346+05:30  INFO 9632 --- [ThirdPartyLibraryUpgrade] [main] com.tplu.ThirdPartyLibraryUpgrade        : No active profile set, falling back to 1 default profile: "default"
2024-07-08T09:31:36.730+05:30  INFO 9632 --- [ThirdPartyLibraryUpgrade] [main] o.s.b.w.embedded.tomcat.TomcatWebServer  : Tomcat initialized with port 9001 (http)
2024-07-08T09:31:36.753+05:30  INFO 9632 --- [ThirdPartyLibraryUpgrade] [main] o.apache.catalina.core.StandardService   : Starting service [Tomcat]
2024-07-08T09:31:36.753+05:30  INFO 9632 --- [ThirdPartyLibraryUpgrade] [main] o.apache.catalina.core.StandardEngine    : Starting Servlet engine: [Apache Tomcat/10.1.24]
2024-07-08T09:31:36.824+05:30  INFO 9632 --- [ThirdPartyLibraryUpgrade] [main] o.a.c.c.C.[Tomcat].[localhost].[/]       : Initializing Spring embedded WebApplicationContext
2024-07-08T09:31:36.825+05:30  INFO 9632 --- [ThirdPartyLibraryUpgrade] [main] w.s.c.ServletWebServerApplicationContext : Root WebApplicationContext: initialization completed in 1409 ms
2024-07-08T09:31:37.299+05:30  WARN 9632 --- [ThirdPartyLibraryUpgrade] [main] ion$DefaultTemplateResolverConfiguration : Cannot find template location: classpath:/templates/ (please add some templates, check your Thymeleaf configuration, or set spring.thymeleaf.check-template-location=false)
2024-07-08T09:31:37.523+05:30  INFO 9632 --- [ThirdPartyLibraryUpgrade] [main] o.s.b.w.embedded.tomcat.TomcatWebServer  : Tomcat started on port 9001 (http) with context path '/'
2024-07-08T09:31:37.532+05:30  INFO 9632 --- [ThirdPartyLibraryUpgrade] [main] com.tplu.ThirdPartyLibraryUpgrade        : Started ThirdPartyLibraryUpgrade in 2.98 seconds (process running for 3.526)
2024-07-08T09:31:54.152+05:30  INFO 9632 --- [ThirdPartyLibraryUpgrade] [http-nio-9001-exec-1] o.a.c.c.C.[Tomcat].[localhost].[/]       : Initializing Spring DispatcherServlet 'dispatcherServlet'
2024-07-08T09:31:54.152+05:30  INFO 9632 --- [ThirdPartyLibraryUpgrade] [http-nio-9001-exec-1] o.s.web.servlet.DispatcherServlet        : Initializing Servlet 'dispatcherServlet'
2024-07-08T09:31:54.152+05:30  INFO 9632 --- [ThirdPartyLibraryUpgrade] [http-nio-9001-exec-1] o.s.web.servlet.DispatcherServlet        : Completed initialization in 0 ms
2024-07-08T10:03:02.222+05:30  INFO 21104 --- [ThirdPartyLibraryUpgrade] [main] com.tplu.ThirdPartyLibraryUpgrade        : Starting ThirdPartyLibraryUpgrade using Java 22.0.1 with PID 21104 (C:\Users\gkumar12\IdeaProjects\ThirdPartyLibraryUpgrade_backend\target\classes started by gkumar12 in C:\Users\gkumar12\IdeaProjects\ThirdPartyLibraryUpgrade_backend)
2024-07-08T10:03:02.224+05:30  INFO 21104 --- [ThirdPartyLibraryUpgrade] [main] com.tplu.ThirdPartyLibraryUpgrade        : No active profile set, falling back to 1 default profile: "default"
2024-07-08T10:03:03.508+05:30  INFO 21104 --- [ThirdPartyLibraryUpgrade] [main] o.s.b.w.embedded.tomcat.TomcatWebServer  : Tomcat initialized with port 9001 (http)
2024-07-08T10:03:03.523+05:30  INFO 21104 --- [ThirdPartyLibraryUpgrade] [main] o.apache.catalina.core.StandardService   : Starting service [Tomcat]
2024-07-08T10:03:03.523+05:30  INFO 21104 --- [ThirdPartyLibraryUpgrade] [main] o.apache.catalina.core.StandardEngine    : Starting Servlet engine: [Apache Tomcat/10.1.24]
2024-07-08T10:03:03.582+05:30  INFO 21104 --- [ThirdPartyLibraryUpgrade] [main] o.a.c.c.C.[Tomcat].[localhost].[/]       : Initializing Spring embedded WebApplicationContext
2024-07-08T10:03:03.583+05:30  INFO 21104 --- [ThirdPartyLibraryUpgrade] [main] w.s.c.ServletWebServerApplicationContext : Root WebApplicationContext: initialization completed in 1292 ms
2024-07-08T10:03:04.100+05:30  WARN 21104 --- [ThirdPartyLibraryUpgrade] [main] ion$DefaultTemplateResolverConfiguration : Cannot find template location: classpath:/templates/ (please add some templates, check your Thymeleaf configuration, or set spring.thymeleaf.check-template-location=false)
2024-07-08T10:03:04.176+05:30  INFO 21104 --- [ThirdPartyLibraryUpgrade] [main] o.s.b.w.embedded.tomcat.TomcatWebServer  : Tomcat started on port 9001 (http) with context path '/'
2024-07-08T10:03:04.183+05:30  INFO 21104 --- [ThirdPartyLibraryUpgrade] [main] com.tplu.ThirdPartyLibraryUpgrade        : Started ThirdPartyLibraryUpgrade in 2.829 seconds (process running for 3.442)
2024-07-08T10:03:20.223+05:30  INFO 21104 --- [ThirdPartyLibraryUpgrade] [http-nio-9001-exec-1] o.a.c.c.C.[Tomcat].[localhost].[/]       : Initializing Spring DispatcherServlet 'dispatcherServlet'
2024-07-08T10:03:20.223+05:30  INFO 21104 --- [ThirdPartyLibraryUpgrade] [http-nio-9001-exec-1] o.s.web.servlet.DispatcherServlet        : Initializing Servlet 'dispatcherServlet'
2024-07-08T10:03:20.223+05:30  INFO 21104 --- [ThirdPartyLibraryUpgrade] [http-nio-9001-exec-1] o.s.web.servlet.DispatcherServlet        : Completed initialization in 0 ms
2024-07-08T10:11:40.579+05:30  INFO 7492 --- [ThirdPartyLibraryUpgrade] [main] com.tplu.ThirdPartyLibraryUpgrade        : Starting ThirdPartyLibraryUpgrade using Java 22.0.1 with PID 7492 (C:\Users\gkumar12\IdeaProjects\ThirdPartyLibraryUpgrade_backend\target\classes started by gkumar12 in C:\Users\gkumar12\IdeaProjects\ThirdPartyLibraryUpgrade_backend)
2024-07-08T10:11:40.582+05:30  INFO 7492 --- [ThirdPartyLibraryUpgrade] [main] com.tplu.ThirdPartyLibraryUpgrade        : No active profile set, falling back to 1 default profile: "default"
2024-07-08T10:11:41.973+05:30  INFO 7492 --- [ThirdPartyLibraryUpgrade] [main] o.s.b.w.embedded.tomcat.TomcatWebServer  : Tomcat initialized with port 9001 (http)
2024-07-08T10:11:41.999+05:30  INFO 7492 --- [ThirdPartyLibraryUpgrade] [main] o.apache.catalina.core.StandardService   : Starting service [Tomcat]
2024-07-08T10:11:42.000+05:30  INFO 7492 --- [ThirdPartyLibraryUpgrade] [main] o.apache.catalina.core.StandardEngine    : Starting Servlet engine: [Apache Tomcat/10.1.24]
2024-07-08T10:11:42.073+05:30  INFO 7492 --- [ThirdPartyLibraryUpgrade] [main] o.a.c.c.C.[Tomcat].[localhost].[/]       : Initializing Spring embedded WebApplicationContext
2024-07-08T10:11:42.075+05:30  INFO 7492 --- [ThirdPartyLibraryUpgrade] [main] w.s.c.ServletWebServerApplicationContext : Root WebApplicationContext: initialization completed in 1418 ms
2024-07-08T10:11:42.575+05:30  WARN 7492 --- [ThirdPartyLibraryUpgrade] [main] ion$DefaultTemplateResolverConfiguration : Cannot find template location: classpath:/templates/ (please add some templates, check your Thymeleaf configuration, or set spring.thymeleaf.check-template-location=false)
2024-07-08T10:11:42.644+05:30  INFO 7492 --- [ThirdPartyLibraryUpgrade] [main] o.s.b.w.embedded.tomcat.TomcatWebServer  : Tomcat started on port 9001 (http) with context path '/'
2024-07-08T10:11:42.656+05:30  INFO 7492 --- [ThirdPartyLibraryUpgrade] [main] com.tplu.ThirdPartyLibraryUpgrade        : Started ThirdPartyLibraryUpgrade in 2.894 seconds (process running for 3.418)
2024-07-08T10:11:56.320+05:30  INFO 7492 --- [ThirdPartyLibraryUpgrade] [http-nio-9001-exec-1] o.a.c.c.C.[Tomcat].[localhost].[/]       : Initializing Spring DispatcherServlet 'dispatcherServlet'
2024-07-08T10:11:56.320+05:30  INFO 7492 --- [ThirdPartyLibraryUpgrade] [http-nio-9001-exec-1] o.s.web.servlet.DispatcherServlet        : Initializing Servlet 'dispatcherServlet'
2024-07-08T10:11:56.327+05:30  INFO 7492 --- [ThirdPartyLibraryUpgrade] [http-nio-9001-exec-1] o.s.web.servlet.DispatcherServlet        : Completed initialization in 0 ms
2024-07-08T10:12:00.603+05:30  INFO 7492 --- [ThirdPartyLibraryUpgrade] [http-nio-9001-exec-1] com.tplu.service.FileProcessingService   : Processed artifact: [INFO]   jakarta.servlet:jakarta.servlet-api, Current Version: 5.0.0, New Version: 6.1.0
2024-07-08T10:12:00.603+05:30  INFO 7492 --- [ThirdPartyLibraryUpgrade] [http-nio-9001-exec-1] com.tplu.service.FileProcessingService   : Processed artifact: [INFO]   javax.servlet:javax.servlet-api, Current Version: 3.0.1, New Version: 4.0.1
2024-07-08T10:12:00.603+05:30  INFO 7492 --- [ThirdPartyLibraryUpgrade] [http-nio-9001-exec-1] com.tplu.service.FileProcessingService   : Processed artifact: [INFO]   org.apache.logging.log4j:log4j-core, Current Version: 2.23.1, New Version: 3.0.0-beta2
2024-07-08T10:12:00.619+05:30  INFO 7492 --- [ThirdPartyLibraryUpgrade] [http-nio-9001-exec-1] com.tplu.service.FileProcessingService   : Processed artifact: [INFO]   org.springframework.boot:spring-boot-starter-web, Current Version: 3.3.0, New Version: 3.3.1
2024-07-08T10:13:42.663+05:30  INFO 17672 --- [ThirdPartyLibraryUpgrade] [main] com.tplu.ThirdPartyLibraryUpgrade        : Starting ThirdPartyLibraryUpgrade using Java 22.0.1 with PID 17672 (C:\Users\gkumar12\IdeaProjects\ThirdPartyLibraryUpgrade_backend\target\classes started by gkumar12 in C:\Users\gkumar12\IdeaProjects\ThirdPartyLibraryUpgrade_backend)
2024-07-08T10:13:42.665+05:30  INFO 17672 --- [ThirdPartyLibraryUpgrade] [main] com.tplu.ThirdPartyLibraryUpgrade        : No active profile set, falling back to 1 default profile: "default"
2024-07-08T10:13:44.144+05:30  INFO 17672 --- [ThirdPartyLibraryUpgrade] [main] o.s.b.w.embedded.tomcat.TomcatWebServer  : Tomcat initialized with port 9001 (http)
2024-07-08T10:13:44.160+05:30  INFO 17672 --- [ThirdPartyLibraryUpgrade] [main] o.apache.catalina.core.StandardService   : Starting service [Tomcat]
2024-07-08T10:13:44.160+05:30  INFO 17672 --- [ThirdPartyLibraryUpgrade] [main] o.apache.catalina.core.StandardEngine    : Starting Servlet engine: [Apache Tomcat/10.1.24]
2024-07-08T10:13:44.270+05:30  INFO 17672 --- [ThirdPartyLibraryUpgrade] [main] o.a.c.c.C.[Tomcat].[localhost].[/]       : Initializing Spring embedded WebApplicationContext
2024-07-08T10:13:44.271+05:30  INFO 17672 --- [ThirdPartyLibraryUpgrade] [main] w.s.c.ServletWebServerApplicationContext : Root WebApplicationContext: initialization completed in 1528 ms
2024-07-08T10:13:44.878+05:30  WARN 17672 --- [ThirdPartyLibraryUpgrade] [main] ion$DefaultTemplateResolverConfiguration : Cannot find template location: classpath:/templates/ (please add some templates, check your Thymeleaf configuration, or set spring.thymeleaf.check-template-location=false)
2024-07-08T10:13:45.003+05:30  INFO 17672 --- [ThirdPartyLibraryUpgrade] [main] o.s.b.w.embedded.tomcat.TomcatWebServer  : Tomcat started on port 9001 (http) with context path '/'
2024-07-08T10:13:45.013+05:30  INFO 17672 --- [ThirdPartyLibraryUpgrade] [main] com.tplu.ThirdPartyLibraryUpgrade        : Started ThirdPartyLibraryUpgrade in 3.159 seconds (process running for 3.955)
2024-07-08T10:13:53.038+05:30  INFO 17672 --- [ThirdPartyLibraryUpgrade] [http-nio-9001-exec-1] o.a.c.c.C.[Tomcat].[localhost].[/]       : Initializing Spring DispatcherServlet 'dispatcherServlet'
2024-07-08T10:13:53.038+05:30  INFO 17672 --- [ThirdPartyLibraryUpgrade] [http-nio-9001-exec-1] o.s.web.servlet.DispatcherServlet        : Initializing Servlet 'dispatcherServlet'
2024-07-08T10:13:53.038+05:30  INFO 17672 --- [ThirdPartyLibraryUpgrade] [http-nio-9001-exec-1] o.s.web.servlet.DispatcherServlet        : Completed initialization in 0 ms
2024-07-08T10:15:21.409+05:30  INFO 17672 --- [ThirdPartyLibraryUpgrade] [http-nio-9001-exec-1] com.tplu.service.FileProcessingService   : Processed artifact: [INFO]   jakarta.servlet:jakarta.servlet-api, Current Version: 5.0.0, New Version: 6.1.0
2024-07-08T10:15:21.419+05:30  INFO 17672 --- [ThirdPartyLibraryUpgrade] [http-nio-9001-exec-1] com.tplu.service.FileProcessingService   : Processed artifact: [INFO]   javax.servlet:javax.servlet-api, Current Version: 3.0.1, New Version: 4.0.1
2024-07-08T10:15:21.466+05:30  INFO 17672 --- [ThirdPartyLibraryUpgrade] [http-nio-9001-exec-1] com.tplu.service.FileProcessingService   : Processed artifact: [INFO]   org.apache.logging.log4j:log4j-core, Current Version: 2.23.1, New Version: 3.0.0-beta2
2024-07-08T10:15:21.474+05:30  INFO 17672 --- [ThirdPartyLibraryUpgrade] [http-nio-9001-exec-1] com.tplu.service.FileProcessingService   : Processed artifact: [INFO]   org.springframework.boot:spring-boot-starter-web, Current Version: 3.3.0, New Version: 3.3.1
2024-07-08T10:25:49.419+05:30  INFO 13528 --- [ThirdPartyLibraryUpgrade] [main] com.tplu.ThirdPartyLibraryUpgrade        : Starting ThirdPartyLibraryUpgrade using Java 22.0.1 with PID 13528 (C:\Users\gkumar12\IdeaProjects\ThirdPartyLibraryUpgrade_backend\target\classes started by gkumar12 in C:\Users\gkumar12\IdeaProjects\ThirdPartyLibraryUpgrade_backend)
2024-07-08T10:25:49.422+05:30  INFO 13528 --- [ThirdPartyLibraryUpgrade] [main] com.tplu.ThirdPartyLibraryUpgrade        : No active profile set, falling back to 1 default profile: "default"
2024-07-08T10:25:50.835+05:30  INFO 13528 --- [ThirdPartyLibraryUpgrade] [main] o.s.b.w.embedded.tomcat.TomcatWebServer  : Tomcat initialized with port 9001 (http)
2024-07-08T10:25:50.851+05:30  INFO 13528 --- [ThirdPartyLibraryUpgrade] [main] o.apache.catalina.core.StandardService   : Starting service [Tomcat]
2024-07-08T10:25:50.851+05:30  INFO 13528 --- [ThirdPartyLibraryUpgrade] [main] o.apache.catalina.core.StandardEngine    : Starting Servlet engine: [Apache Tomcat/10.1.24]
2024-07-08T10:25:50.923+05:30  INFO 13528 --- [ThirdPartyLibraryUpgrade] [main] o.a.c.c.C.[Tomcat].[localhost].[/]       : Initializing Spring embedded WebApplicationContext
2024-07-08T10:25:50.923+05:30  INFO 13528 --- [ThirdPartyLibraryUpgrade] [main] w.s.c.ServletWebServerApplicationContext : Root WebApplicationContext: initialization completed in 1421 ms
2024-07-08T10:25:51.482+05:30  WARN 13528 --- [ThirdPartyLibraryUpgrade] [main] ion$DefaultTemplateResolverConfiguration : Cannot find template location: classpath:/templates/ (please add some templates, check your Thymeleaf configuration, or set spring.thymeleaf.check-template-location=false)
2024-07-08T10:25:51.592+05:30  INFO 13528 --- [ThirdPartyLibraryUpgrade] [main] o.s.b.w.embedded.tomcat.TomcatWebServer  : Tomcat started on port 9001 (http) with context path '/'
2024-07-08T10:25:51.603+05:30  INFO 13528 --- [ThirdPartyLibraryUpgrade] [main] com.tplu.ThirdPartyLibraryUpgrade        : Started ThirdPartyLibraryUpgrade in 3.082 seconds (process running for 3.653)
2024-07-08T10:26:07.005+05:30  INFO 13528 --- [ThirdPartyLibraryUpgrade] [http-nio-9001-exec-1] o.a.c.c.C.[Tomcat].[localhost].[/]       : Initializing Spring DispatcherServlet 'dispatcherServlet'
2024-07-08T10:26:07.005+05:30  INFO 13528 --- [ThirdPartyLibraryUpgrade] [http-nio-9001-exec-1] o.s.web.servlet.DispatcherServlet        : Initializing Servlet 'dispatcherServlet'
2024-07-08T10:26:07.021+05:30  INFO 13528 --- [ThirdPartyLibraryUpgrade] [http-nio-9001-exec-1] o.s.web.servlet.DispatcherServlet        : Completed initialization in 16 ms
2024-07-08T10:28:29.263+05:30  INFO 5624 --- [ThirdPartyLibraryUpgrade] [main] com.tplu.ThirdPartyLibraryUpgrade        : Starting ThirdPartyLibraryUpgrade using Java 22.0.1 with PID 5624 (C:\Users\gkumar12\IdeaProjects\ThirdPartyLibraryUpgrade_backend\target\classes started by gkumar12 in C:\Users\gkumar12\IdeaProjects\ThirdPartyLibraryUpgrade_backend)
2024-07-08T10:28:29.265+05:30  INFO 5624 --- [ThirdPartyLibraryUpgrade] [main] com.tplu.ThirdPartyLibraryUpgrade        : No active profile set, falling back to 1 default profile: "default"
2024-07-08T10:28:30.573+05:30  INFO 5624 --- [ThirdPartyLibraryUpgrade] [main] o.s.b.w.embedded.tomcat.TomcatWebServer  : Tomcat initialized with port 9001 (http)
2024-07-08T10:28:30.585+05:30  INFO 5624 --- [ThirdPartyLibraryUpgrade] [main] o.apache.catalina.core.StandardService   : Starting service [Tomcat]
2024-07-08T10:28:30.586+05:30  INFO 5624 --- [ThirdPartyLibraryUpgrade] [main] o.apache.catalina.core.StandardEngine    : Starting Servlet engine: [Apache Tomcat/10.1.24]
2024-07-08T10:28:30.648+05:30  INFO 5624 --- [ThirdPartyLibraryUpgrade] [main] o.a.c.c.C.[Tomcat].[localhost].[/]       : Initializing Spring embedded WebApplicationContext
2024-07-08T10:28:30.648+05:30  INFO 5624 --- [ThirdPartyLibraryUpgrade] [main] w.s.c.ServletWebServerApplicationContext : Root WebApplicationContext: initialization completed in 1311 ms
2024-07-08T10:28:31.294+05:30  WARN 5624 --- [ThirdPartyLibraryUpgrade] [main] ion$DefaultTemplateResolverConfiguration : Cannot find template location: classpath:/templates/ (please add some templates, check your Thymeleaf configuration, or set spring.thymeleaf.check-template-location=false)
2024-07-08T10:28:31.434+05:30  INFO 5624 --- [ThirdPartyLibraryUpgrade] [main] o.s.b.w.embedded.tomcat.TomcatWebServer  : Tomcat started on port 9001 (http) with context path '/'
2024-07-08T10:28:31.449+05:30  INFO 5624 --- [ThirdPartyLibraryUpgrade] [main] com.tplu.ThirdPartyLibraryUpgrade        : Started ThirdPartyLibraryUpgrade in 2.939 seconds (process running for 3.441)
2024-07-08T10:28:46.706+05:30  INFO 5624 --- [ThirdPartyLibraryUpgrade] [http-nio-9001-exec-1] o.a.c.c.C.[Tomcat].[localhost].[/]       : Initializing Spring DispatcherServlet 'dispatcherServlet'
2024-07-08T10:28:46.706+05:30  INFO 5624 --- [ThirdPartyLibraryUpgrade] [http-nio-9001-exec-1] o.s.web.servlet.DispatcherServlet        : Initializing Servlet 'dispatcherServlet'
2024-07-08T10:28:46.706+05:30  INFO 5624 --- [ThirdPartyLibraryUpgrade] [http-nio-9001-exec-1] o.s.web.servlet.DispatcherServlet        : Completed initialization in 0 ms
2024-07-08T10:29:21.222+05:30  INFO 288 --- [ThirdPartyLibraryUpgrade] [main] com.tplu.ThirdPartyLibraryUpgrade        : Starting ThirdPartyLibraryUpgrade using Java 22.0.1 with PID 288 (C:\Users\gkumar12\IdeaProjects\ThirdPartyLibraryUpgrade_backend\target\classes started by gkumar12 in C:\Users\gkumar12\IdeaProjects\ThirdPartyLibraryUpgrade_backend)
2024-07-08T10:29:21.224+05:30  INFO 288 --- [ThirdPartyLibraryUpgrade] [main] com.tplu.ThirdPartyLibraryUpgrade        : No active profile set, falling back to 1 default profile: "default"
2024-07-08T10:29:22.719+05:30  INFO 288 --- [ThirdPartyLibraryUpgrade] [main] o.s.b.w.embedded.tomcat.TomcatWebServer  : Tomcat initialized with port 9001 (http)
2024-07-08T10:29:22.737+05:30  INFO 288 --- [ThirdPartyLibraryUpgrade] [main] o.apache.catalina.core.StandardService   : Starting service [Tomcat]
2024-07-08T10:29:22.737+05:30  INFO 288 --- [ThirdPartyLibraryUpgrade] [main] o.apache.catalina.core.StandardEngine    : Starting Servlet engine: [Apache Tomcat/10.1.24]
2024-07-08T10:29:22.815+05:30  INFO 288 --- [ThirdPartyLibraryUpgrade] [main] o.a.c.c.C.[Tomcat].[localhost].[/]       : Initializing Spring embedded WebApplicationContext
2024-07-08T10:29:22.816+05:30  INFO 288 --- [ThirdPartyLibraryUpgrade] [main] w.s.c.ServletWebServerApplicationContext : Root WebApplicationContext: initialization completed in 1502 ms
2024-07-08T10:29:23.378+05:30  WARN 288 --- [ThirdPartyLibraryUpgrade] [main] ion$DefaultTemplateResolverConfiguration : Cannot find template location: classpath:/templates/ (please add some templates, check your Thymeleaf configuration, or set spring.thymeleaf.check-template-location=false)
2024-07-08T10:29:23.514+05:30  INFO 288 --- [ThirdPartyLibraryUpgrade] [main] o.s.b.w.embedded.tomcat.TomcatWebServer  : Tomcat started on port 9001 (http) with context path '/'
2024-07-08T10:29:23.523+05:30  INFO 288 --- [ThirdPartyLibraryUpgrade] [main] com.tplu.ThirdPartyLibraryUpgrade        : Started ThirdPartyLibraryUpgrade in 3.082 seconds (process running for 3.651)
2024-07-08T10:29:34.666+05:30  INFO 288 --- [ThirdPartyLibraryUpgrade] [http-nio-9001-exec-1] o.a.c.c.C.[Tomcat].[localhost].[/]       : Initializing Spring DispatcherServlet 'dispatcherServlet'
2024-07-08T10:29:34.666+05:30  INFO 288 --- [ThirdPartyLibraryUpgrade] [http-nio-9001-exec-1] o.s.web.servlet.DispatcherServlet        : Initializing Servlet 'dispatcherServlet'
2024-07-08T10:29:34.666+05:30  INFO 288 --- [ThirdPartyLibraryUpgrade] [http-nio-9001-exec-1] o.s.web.servlet.DispatcherServlet        : Completed initialization in 0 ms
2024-07-08T10:29:38.734+05:30  INFO 288 --- [ThirdPartyLibraryUpgrade] [http-nio-9001-exec-1] com.tplu.service.FileProcessingService   : Processed artifact: [INFO]   jakarta.servlet:jakarta.servlet-api, Current Version: 5.0.0, New Version: 6.1.0
2024-07-08T10:29:38.734+05:30  INFO 288 --- [ThirdPartyLibraryUpgrade] [http-nio-9001-exec-1] com.tplu.service.FileProcessingService   : Processed artifact: [INFO]   javax.servlet:javax.servlet-api, Current Version: 3.0.1, New Version: 4.0.1
2024-07-08T10:29:38.734+05:30  INFO 288 --- [ThirdPartyLibraryUpgrade] [http-nio-9001-exec-1] com.tplu.service.FileProcessingService   : Processed artifact: [INFO]   org.apache.logging.log4j:log4j-core, Current Version: 2.23.1, New Version: 3.0.0-beta2
2024-07-08T10:29:38.749+05:30  INFO 288 --- [ThirdPartyLibraryUpgrade] [http-nio-9001-exec-1] com.tplu.service.FileProcessingService   : Processed artifact: [INFO]   org.springframework.boot:spring-boot-starter-web, Current Version: 3.3.0, New Version: 3.3.1
2024-07-08T10:32:34.151+05:30  INFO 13588 --- [ThirdPartyLibraryUpgrade] [main] com.tplu.ThirdPartyLibraryUpgrade        : Starting ThirdPartyLibraryUpgrade using Java 22.0.1 with PID 13588 (C:\Users\gkumar12\IdeaProjects\ThirdPartyLibraryUpgrade_backend\target\classes started by gkumar12 in C:\Users\gkumar12\IdeaProjects\ThirdPartyLibraryUpgrade_backend)
2024-07-08T10:32:34.153+05:30  INFO 13588 --- [ThirdPartyLibraryUpgrade] [main] com.tplu.ThirdPartyLibraryUpgrade        : No active profile set, falling back to 1 default profile: "default"
2024-07-08T10:32:35.432+05:30  INFO 13588 --- [ThirdPartyLibraryUpgrade] [main] o.s.b.w.embedded.tomcat.TomcatWebServer  : Tomcat initialized with port 9001 (http)
2024-07-08T10:32:35.447+05:30  INFO 13588 --- [ThirdPartyLibraryUpgrade] [main] o.apache.catalina.core.StandardService   : Starting service [Tomcat]
2024-07-08T10:32:35.447+05:30  INFO 13588 --- [ThirdPartyLibraryUpgrade] [main] o.apache.catalina.core.StandardEngine    : Starting Servlet engine: [Apache Tomcat/10.1.24]
2024-07-08T10:32:35.532+05:30  INFO 13588 --- [ThirdPartyLibraryUpgrade] [main] o.a.c.c.C.[Tomcat].[localhost].[/]       : Initializing Spring embedded WebApplicationContext
2024-07-08T10:32:35.533+05:30  INFO 13588 --- [ThirdPartyLibraryUpgrade] [main] w.s.c.ServletWebServerApplicationContext : Root WebApplicationContext: initialization completed in 1310 ms
2024-07-08T10:32:36.011+05:30  WARN 13588 --- [ThirdPartyLibraryUpgrade] [main] ion$DefaultTemplateResolverConfiguration : Cannot find template location: classpath:/templates/ (please add some templates, check your Thymeleaf configuration, or set spring.thymeleaf.check-template-location=false)
2024-07-08T10:32:36.167+05:30  INFO 13588 --- [ThirdPartyLibraryUpgrade] [main] o.s.b.w.embedded.tomcat.TomcatWebServer  : Tomcat started on port 9001 (http) with context path '/'
2024-07-08T10:32:36.178+05:30  INFO 13588 --- [ThirdPartyLibraryUpgrade] [main] com.tplu.ThirdPartyLibraryUpgrade        : Started ThirdPartyLibraryUpgrade in 2.835 seconds (process running for 3.38)
2024-07-08T10:32:49.777+05:30  INFO 13588 --- [ThirdPartyLibraryUpgrade] [http-nio-9001-exec-1] o.a.c.c.C.[Tomcat].[localhost].[/]       : Initializing Spring DispatcherServlet 'dispatcherServlet'
2024-07-08T10:32:49.777+05:30  INFO 13588 --- [ThirdPartyLibraryUpgrade] [http-nio-9001-exec-1] o.s.web.servlet.DispatcherServlet        : Initializing Servlet 'dispatcherServlet'
2024-07-08T10:32:49.777+05:30  INFO 13588 --- [ThirdPartyLibraryUpgrade] [http-nio-9001-exec-1] o.s.web.servlet.DispatcherServlet        : Completed initialization in 0 ms
2024-07-08T10:41:40.001+05:30  INFO 2384 --- [ThirdPartyLibraryUpgrade] [main] com.tplu.ThirdPartyLibraryUpgrade        : Starting ThirdPartyLibraryUpgrade using Java 22.0.1 with PID 2384 (C:\Users\gkumar12\IdeaProjects\ThirdPartyLibraryUpgrade_backend\target\classes started by gkumar12 in C:\Users\gkumar12\IdeaProjects\ThirdPartyLibraryUpgrade_backend)
2024-07-08T10:41:40.003+05:30  INFO 2384 --- [ThirdPartyLibraryUpgrade] [main] com.tplu.ThirdPartyLibraryUpgrade        : No active profile set, falling back to 1 default profile: "default"
2024-07-08T10:41:41.435+05:30  INFO 2384 --- [ThirdPartyLibraryUpgrade] [main] o.s.b.w.embedded.tomcat.TomcatWebServer  : Tomcat initialized with port 9001 (http)
2024-07-08T10:41:41.450+05:30  INFO 2384 --- [ThirdPartyLibraryUpgrade] [main] o.apache.catalina.core.StandardService   : Starting service [Tomcat]
2024-07-08T10:41:41.451+05:30  INFO 2384 --- [ThirdPartyLibraryUpgrade] [main] o.apache.catalina.core.StandardEngine    : Starting Servlet engine: [Apache Tomcat/10.1.24]
2024-07-08T10:41:41.528+05:30  INFO 2384 --- [ThirdPartyLibraryUpgrade] [main] o.a.c.c.C.[Tomcat].[localhost].[/]       : Initializing Spring embedded WebApplicationContext
2024-07-08T10:41:41.529+05:30  INFO 2384 --- [ThirdPartyLibraryUpgrade] [main] w.s.c.ServletWebServerApplicationContext : Root WebApplicationContext: initialization completed in 1452 ms
2024-07-08T10:41:42.026+05:30  WARN 2384 --- [ThirdPartyLibraryUpgrade] [main] ion$DefaultTemplateResolverConfiguration : Cannot find template location: classpath:/templates/ (please add some templates, check your Thymeleaf configuration, or set spring.thymeleaf.check-template-location=false)
2024-07-08T10:41:42.139+05:30  INFO 2384 --- [ThirdPartyLibraryUpgrade] [main] o.s.b.w.embedded.tomcat.TomcatWebServer  : Tomcat started on port 9001 (http) with context path '/'
2024-07-08T10:41:42.147+05:30  INFO 2384 --- [ThirdPartyLibraryUpgrade] [main] com.tplu.ThirdPartyLibraryUpgrade        : Started ThirdPartyLibraryUpgrade in 2.949 seconds (process running for 3.435)
2024-07-08T10:41:53.041+05:30  INFO 2384 --- [ThirdPartyLibraryUpgrade] [http-nio-9001-exec-1] o.a.c.c.C.[Tomcat].[localhost].[/]       : Initializing Spring DispatcherServlet 'dispatcherServlet'
2024-07-08T10:41:53.041+05:30  INFO 2384 --- [ThirdPartyLibraryUpgrade] [http-nio-9001-exec-1] o.s.web.servlet.DispatcherServlet        : Initializing Servlet 'dispatcherServlet'
2024-07-08T10:41:53.047+05:30  INFO 2384 --- [ThirdPartyLibraryUpgrade] [http-nio-9001-exec-1] o.s.web.servlet.DispatcherServlet        : Completed initialization in 0 ms
2024-07-08T10:41:57.420+05:30  INFO 2384 --- [ThirdPartyLibraryUpgrade] [http-nio-9001-exec-1] com.tplu.service.FileProcessingService   : Processed artifact: [INFO]   jakarta.servlet:jakarta.servlet-api, Current Version: 5.0.0, New Version: 6.1.0
2024-07-08T10:41:57.420+05:30  INFO 2384 --- [ThirdPartyLibraryUpgrade] [http-nio-9001-exec-1] com.tplu.service.FileProcessingService   : Processed artifact: [INFO]   javax.servlet:javax.servlet-api, Current Version: 3.0.1, New Version: 4.0.1
2024-07-08T10:41:57.420+05:30  INFO 2384 --- [ThirdPartyLibraryUpgrade] [http-nio-9001-exec-1] com.tplu.service.FileProcessingService   : Processed artifact: [INFO]   org.apache.logging.log4j:log4j-core, Current Version: 2.23.1, New Version: 3.0.0-beta2
2024-07-08T10:41:57.420+05:30  INFO 2384 --- [ThirdPartyLibraryUpgrade] [http-nio-9001-exec-1] com.tplu.service.FileProcessingService   : Processed artifact: [INFO]   org.springframework.boot:spring-boot-starter-web, Current Version: 3.3.0, New Version: 3.3.1
2024-07-08T10:53:20.468+05:30  INFO 15856 --- [ThirdPartyLibraryUpgrade] [main] com.tplu.ThirdPartyLibraryUpgrade        : Starting ThirdPartyLibraryUpgrade using Java 22.0.1 with PID 15856 (C:\Users\gkumar12\IdeaProjects\ThirdPartyLibraryUpgrade_backend\target\classes started by gkumar12 in C:\Users\gkumar12\IdeaProjects\ThirdPartyLibraryUpgrade_backend)
2024-07-08T10:53:20.470+05:30  INFO 15856 --- [ThirdPartyLibraryUpgrade] [main] com.tplu.ThirdPartyLibraryUpgrade        : No active profile set, falling back to 1 default profile: "default"
2024-07-08T10:53:21.872+05:30  INFO 15856 --- [ThirdPartyLibraryUpgrade] [main] o.s.b.w.embedded.tomcat.TomcatWebServer  : Tomcat initialized with port 9001 (http)
2024-07-08T10:53:21.891+05:30  INFO 15856 --- [ThirdPartyLibraryUpgrade] [main] o.apache.catalina.core.StandardService   : Starting service [Tomcat]
2024-07-08T10:53:21.891+05:30  INFO 15856 --- [ThirdPartyLibraryUpgrade] [main] o.apache.catalina.core.StandardEngine    : Starting Servlet engine: [Apache Tomcat/10.1.24]
2024-07-08T10:53:21.961+05:30  INFO 15856 --- [ThirdPartyLibraryUpgrade] [main] o.a.c.c.C.[Tomcat].[localhost].[/]       : Initializing Spring embedded WebApplicationContext
2024-07-08T10:53:21.962+05:30  INFO 15856 --- [ThirdPartyLibraryUpgrade] [main] w.s.c.ServletWebServerApplicationContext : Root WebApplicationContext: initialization completed in 1414 ms
2024-07-08T10:53:22.466+05:30  WARN 15856 --- [ThirdPartyLibraryUpgrade] [main] ion$DefaultTemplateResolverConfiguration : Cannot find template location: classpath:/templates/ (please add some templates, check your Thymeleaf configuration, or set spring.thymeleaf.check-template-location=false)
2024-07-08T10:53:22.654+05:30  INFO 15856 --- [ThirdPartyLibraryUpgrade] [main] o.s.b.w.embedded.tomcat.TomcatWebServer  : Tomcat started on port 9001 (http) with context path '/'
2024-07-08T10:53:22.677+05:30  INFO 15856 --- [ThirdPartyLibraryUpgrade] [main] com.tplu.ThirdPartyLibraryUpgrade        : Started ThirdPartyLibraryUpgrade in 3.08 seconds (process running for 3.667)
2024-07-08T10:53:38.446+05:30  INFO 15856 --- [ThirdPartyLibraryUpgrade] [http-nio-9001-exec-1] o.a.c.c.C.[Tomcat].[localhost].[/]       : Initializing Spring DispatcherServlet 'dispatcherServlet'
2024-07-08T10:53:38.446+05:30  INFO 15856 --- [ThirdPartyLibraryUpgrade] [http-nio-9001-exec-1] o.s.web.servlet.DispatcherServlet        : Initializing Servlet 'dispatcherServlet'
2024-07-08T10:53:38.457+05:30  INFO 15856 --- [ThirdPartyLibraryUpgrade] [http-nio-9001-exec-1] o.s.web.servlet.DispatcherServlet        : Completed initialization in 0 ms
2024-07-08T10:53:42.820+05:30  INFO 15856 --- [ThirdPartyLibraryUpgrade] [http-nio-9001-exec-1] com.tplu.service.FileProcessingService   : Processed artifact: [INFO]   jakarta.servlet:jakarta.servlet-api, Current Version: 5.0.0, New Version: 6.1.0
2024-07-08T10:53:42.828+05:30  INFO 15856 --- [ThirdPartyLibraryUpgrade] [http-nio-9001-exec-1] com.tplu.service.FileProcessingService   : Processed artifact: [INFO]   javax.servlet:javax.servlet-api, Current Version: 3.0.1, New Version: 4.0.1
2024-07-08T10:53:42.828+05:30  INFO 15856 --- [ThirdPartyLibraryUpgrade] [http-nio-9001-exec-1] com.tplu.service.FileProcessingService   : Processed artifact: [INFO]   org.apache.logging.log4j:log4j-core, Current Version: 2.23.1, New Version: 3.0.0-beta2
2024-07-08T10:53:42.834+05:30  INFO 15856 --- [ThirdPartyLibraryUpgrade] [http-nio-9001-exec-1] com.tplu.service.FileProcessingService   : Processed artifact: [INFO]   org.springframework.boot:spring-boot-starter-web, Current Version: 3.3.0, New Version: 3.3.1
2024-07-08T11:03:11.313+05:30  INFO 20264 --- [ThirdPartyLibraryUpgrade] [main] com.tplu.ThirdPartyLibraryUpgrade        : Starting ThirdPartyLibraryUpgrade using Java 22.0.1 with PID 20264 (C:\Users\gkumar12\IdeaProjects\ThirdPartyLibraryUpgrade_backend\target\classes started by gkumar12 in C:\Users\gkumar12\IdeaProjects\ThirdPartyLibraryUpgrade_backend)
2024-07-08T11:03:11.315+05:30  INFO 20264 --- [ThirdPartyLibraryUpgrade] [main] com.tplu.ThirdPartyLibraryUpgrade        : No active profile set, falling back to 1 default profile: "default"
2024-07-08T11:03:13.023+05:30  INFO 20264 --- [ThirdPartyLibraryUpgrade] [main] o.s.b.w.embedded.tomcat.TomcatWebServer  : Tomcat initialized with port 9001 (http)
2024-07-08T11:03:13.042+05:30  INFO 20264 --- [ThirdPartyLibraryUpgrade] [main] o.apache.catalina.core.StandardService   : Starting service [Tomcat]
2024-07-08T11:03:13.043+05:30  INFO 20264 --- [ThirdPartyLibraryUpgrade] [main] o.apache.catalina.core.StandardEngine    : Starting Servlet engine: [Apache Tomcat/10.1.24]
2024-07-08T11:03:13.173+05:30  INFO 20264 --- [ThirdPartyLibraryUpgrade] [main] o.a.c.c.C.[Tomcat].[localhost].[/]       : Initializing Spring embedded WebApplicationContext
2024-07-08T11:03:13.173+05:30  INFO 20264 --- [ThirdPartyLibraryUpgrade] [main] w.s.c.ServletWebServerApplicationContext : Root WebApplicationContext: initialization completed in 1785 ms
2024-07-08T11:03:13.730+05:30  WARN 20264 --- [ThirdPartyLibraryUpgrade] [main] ion$DefaultTemplateResolverConfiguration : Cannot find template location: classpath:/templates/ (please add some templates, check your Thymeleaf configuration, or set spring.thymeleaf.check-template-location=false)
2024-07-08T11:03:13.833+05:30  INFO 20264 --- [ThirdPartyLibraryUpgrade] [main] o.s.b.w.embedded.tomcat.TomcatWebServer  : Tomcat started on port 9001 (http) with context path '/'
2024-07-08T11:03:13.846+05:30  INFO 20264 --- [ThirdPartyLibraryUpgrade] [main] com.tplu.ThirdPartyLibraryUpgrade        : Started ThirdPartyLibraryUpgrade in 3.4 seconds (process running for 4.004)
2024-07-08T11:03:38.747+05:30  INFO 20264 --- [ThirdPartyLibraryUpgrade] [http-nio-9001-exec-1] o.a.c.c.C.[Tomcat].[localhost].[/]       : Initializing Spring DispatcherServlet 'dispatcherServlet'
2024-07-08T11:03:38.748+05:30  INFO 20264 --- [ThirdPartyLibraryUpgrade] [http-nio-9001-exec-1] o.s.web.servlet.DispatcherServlet        : Initializing Servlet 'dispatcherServlet'
2024-07-08T11:03:38.750+05:30  INFO 20264 --- [ThirdPartyLibraryUpgrade] [http-nio-9001-exec-1] o.s.web.servlet.DispatcherServlet        : Completed initialization in 2 ms
2024-07-08T11:03:43.230+05:30  INFO 20264 --- [ThirdPartyLibraryUpgrade] [http-nio-9001-exec-1] com.tplu.service.FileProcessingService   : Processed artifact: [INFO]   jakarta.servlet:jakarta.servlet-api, Current Version: 5.0.0, New Version: 6.1.0
2024-07-08T11:03:43.235+05:30  INFO 20264 --- [ThirdPartyLibraryUpgrade] [http-nio-9001-exec-1] com.tplu.service.FileProcessingService   : Processed artifact: [INFO]   javax.servlet:javax.servlet-api, Current Version: 3.0.1, New Version: 4.0.1
2024-07-08T11:03:43.237+05:30  INFO 20264 --- [ThirdPartyLibraryUpgrade] [http-nio-9001-exec-1] com.tplu.service.FileProcessingService   : Processed artifact: [INFO]   org.apache.logging.log4j:log4j-core, Current Version: 2.23.1, New Version: 3.0.0-beta2
2024-07-08T11:03:43.240+05:30  INFO 20264 --- [ThirdPartyLibraryUpgrade] [http-nio-9001-exec-1] com.tplu.service.FileProcessingService   : Processed artifact: [INFO]   org.springframework.boot:spring-boot-starter-web, Current Version: 3.3.0, New Version: 3.3.1
2024-07-08T11:08:16.382+05:30  INFO 13924 --- [ThirdPartyLibraryUpgrade] [main] com.tplu.ThirdPartyLibraryUpgrade        : Starting ThirdPartyLibraryUpgrade using Java 22.0.1 with PID 13924 (C:\Users\gkumar12\IdeaProjects\ThirdPartyLibraryUpgrade_backend\target\classes started by gkumar12 in C:\Users\gkumar12\IdeaProjects\ThirdPartyLibraryUpgrade_backend)
2024-07-08T11:08:16.385+05:30  INFO 13924 --- [ThirdPartyLibraryUpgrade] [main] com.tplu.ThirdPartyLibraryUpgrade        : No active profile set, falling back to 1 default profile: "default"
2024-07-08T11:08:17.894+05:30  INFO 13924 --- [ThirdPartyLibraryUpgrade] [main] o.s.b.w.embedded.tomcat.TomcatWebServer  : Tomcat initialized with port 9001 (http)
2024-07-08T11:08:17.910+05:30  INFO 13924 --- [ThirdPartyLibraryUpgrade] [main] o.apache.catalina.core.StandardService   : Starting service [Tomcat]
2024-07-08T11:08:17.910+05:30  INFO 13924 --- [ThirdPartyLibraryUpgrade] [main] o.apache.catalina.core.StandardEngine    : Starting Servlet engine: [Apache Tomcat/10.1.24]
2024-07-08T11:08:17.970+05:30  INFO 13924 --- [ThirdPartyLibraryUpgrade] [main] o.a.c.c.C.[Tomcat].[localhost].[/]       : Initializing Spring embedded WebApplicationContext
2024-07-08T11:08:17.970+05:30  INFO 13924 --- [ThirdPartyLibraryUpgrade] [main] w.s.c.ServletWebServerApplicationContext : Root WebApplicationContext: initialization completed in 1502 ms
2024-07-08T11:08:18.580+05:30  WARN 13924 --- [ThirdPartyLibraryUpgrade] [main] ion$DefaultTemplateResolverConfiguration : Cannot find template location: classpath:/templates/ (please add some templates, check your Thymeleaf configuration, or set spring.thymeleaf.check-template-location=false)
2024-07-08T11:08:18.645+05:30  INFO 13924 --- [ThirdPartyLibraryUpgrade] [main] o.s.b.w.embedded.tomcat.TomcatWebServer  : Tomcat started on port 9001 (http) with context path '/'
2024-07-08T11:08:18.656+05:30  INFO 13924 --- [ThirdPartyLibraryUpgrade] [main] com.tplu.ThirdPartyLibraryUpgrade        : Started ThirdPartyLibraryUpgrade in 3.108 seconds (process running for 3.716)
2024-07-08T11:08:32.049+05:30  INFO 13924 --- [ThirdPartyLibraryUpgrade] [http-nio-9001-exec-1] o.a.c.c.C.[Tomcat].[localhost].[/]       : Initializing Spring DispatcherServlet 'dispatcherServlet'
2024-07-08T11:08:32.051+05:30  INFO 13924 --- [ThirdPartyLibraryUpgrade] [http-nio-9001-exec-1] o.s.web.servlet.DispatcherServlet        : Initializing Servlet 'dispatcherServlet'
2024-07-08T11:08:32.054+05:30  INFO 13924 --- [ThirdPartyLibraryUpgrade] [http-nio-9001-exec-1] o.s.web.servlet.DispatcherServlet        : Completed initialization in 3 ms
2024-07-08T11:08:36.533+05:30  INFO 13924 --- [ThirdPartyLibraryUpgrade] [http-nio-9001-exec-1] com.tplu.service.FileProcessingService   : Processed artifact: [INFO]   jakarta.servlet:jakarta.servlet-api, Current Version: 5.0.0, New Version: 6.1.0
2024-07-08T11:08:36.550+05:30  INFO 13924 --- [ThirdPartyLibraryUpgrade] [http-nio-9001-exec-1] com.tplu.service.FileProcessingService   : Processed artifact: [INFO]   javax.servlet:javax.servlet-api, Current Version: 3.0.1, New Version: 4.0.1
2024-07-08T11:08:36.551+05:30  INFO 13924 --- [ThirdPartyLibraryUpgrade] [http-nio-9001-exec-1] com.tplu.service.FileProcessingService   : Processed artifact: [INFO]   org.apache.logging.log4j:log4j-core, Current Version: 2.23.1, New Version: 3.0.0-beta2
2024-07-08T11:08:36.551+05:30  INFO 13924 --- [ThirdPartyLibraryUpgrade] [http-nio-9001-exec-1] com.tplu.service.FileProcessingService   : Processed artifact: [INFO]   org.springframework.boot:spring-boot-starter-web, Current Version: 3.3.0, New Version: 3.3.1
2024-07-08T11:15:44.138+05:30  INFO 5100 --- [ThirdPartyLibraryUpgrade] [main] com.tplu.ThirdPartyLibraryUpgrade        : Starting ThirdPartyLibraryUpgrade using Java 22.0.1 with PID 5100 (C:\Users\gkumar12\IdeaProjects\ThirdPartyLibraryUpgrade_backend\target\classes started by gkumar12 in C:\Users\gkumar12\IdeaProjects\ThirdPartyLibraryUpgrade_backend)
2024-07-08T11:15:44.142+05:30  INFO 5100 --- [ThirdPartyLibraryUpgrade] [main] com.tplu.ThirdPartyLibraryUpgrade        : No active profile set, falling back to 1 default profile: "default"
2024-07-08T11:15:45.517+05:30  INFO 5100 --- [ThirdPartyLibraryUpgrade] [main] o.s.b.w.embedded.tomcat.TomcatWebServer  : Tomcat initialized with port 9001 (http)
2024-07-08T11:15:45.532+05:30  INFO 5100 --- [ThirdPartyLibraryUpgrade] [main] o.apache.catalina.core.StandardService   : Starting service [Tomcat]
2024-07-08T11:15:45.532+05:30  INFO 5100 --- [ThirdPartyLibraryUpgrade] [main] o.apache.catalina.core.StandardEngine    : Starting Servlet engine: [Apache Tomcat/10.1.24]
2024-07-08T11:15:45.619+05:30  INFO 5100 --- [ThirdPartyLibraryUpgrade] [main] o.a.c.c.C.[Tomcat].[localhost].[/]       : Initializing Spring embedded WebApplicationContext
2024-07-08T11:15:45.620+05:30  INFO 5100 --- [ThirdPartyLibraryUpgrade] [main] w.s.c.ServletWebServerApplicationContext : Root WebApplicationContext: initialization completed in 1404 ms
2024-07-08T11:15:46.185+05:30  WARN 5100 --- [ThirdPartyLibraryUpgrade] [main] ion$DefaultTemplateResolverConfiguration : Cannot find template location: classpath:/templates/ (please add some templates, check your Thymeleaf configuration, or set spring.thymeleaf.check-template-location=false)
2024-07-08T11:15:46.449+05:30  INFO 5100 --- [ThirdPartyLibraryUpgrade] [main] o.s.b.w.embedded.tomcat.TomcatWebServer  : Tomcat started on port 9001 (http) with context path '/'
2024-07-08T11:15:46.461+05:30  INFO 5100 --- [ThirdPartyLibraryUpgrade] [main] com.tplu.ThirdPartyLibraryUpgrade        : Started ThirdPartyLibraryUpgrade in 3.158 seconds (process running for 3.66)
2024-07-08T11:16:03.749+05:30  INFO 5100 --- [ThirdPartyLibraryUpgrade] [http-nio-9001-exec-1] o.a.c.c.C.[Tomcat].[localhost].[/]       : Initializing Spring DispatcherServlet 'dispatcherServlet'
2024-07-08T11:16:03.750+05:30  INFO 5100 --- [ThirdPartyLibraryUpgrade] [http-nio-9001-exec-1] o.s.web.servlet.DispatcherServlet        : Initializing Servlet 'dispatcherServlet'
2024-07-08T11:16:03.752+05:30  INFO 5100 --- [ThirdPartyLibraryUpgrade] [http-nio-9001-exec-1] o.s.web.servlet.DispatcherServlet        : Completed initialization in 1 ms
2024-07-08T11:16:08.270+05:30  INFO 5100 --- [ThirdPartyLibraryUpgrade] [http-nio-9001-exec-1] com.tplu.service.FileProcessingService   : Processed artifact: [INFO]   jakarta.servlet:jakarta.servlet-api, Current Version: 5.0.0, New Version: 6.1.0
2024-07-08T11:16:08.273+05:30  INFO 5100 --- [ThirdPartyLibraryUpgrade] [http-nio-9001-exec-1] com.tplu.service.FileProcessingService   : Processed artifact: [INFO]   javax.servlet:javax.servlet-api, Current Version: 3.0.1, New Version: 4.0.1
2024-07-08T11:16:08.273+05:30  INFO 5100 --- [ThirdPartyLibraryUpgrade] [http-nio-9001-exec-1] com.tplu.service.FileProcessingService   : Processed artifact: [INFO]   org.apache.logging.log4j:log4j-core, Current Version: 2.23.1, New Version: 3.0.0-beta2
2024-07-08T11:16:08.276+05:30  INFO 5100 --- [ThirdPartyLibraryUpgrade] [http-nio-9001-exec-1] com.tplu.service.FileProcessingService   : Processed artifact: [INFO]   org.springframework.boot:spring-boot-starter-web, Current Version: 3.3.0, New Version: 3.3.1
2024-07-08T11:40:43.593+05:30  INFO 5100 --- [ThirdPartyLibraryUpgrade] [http-nio-9001-exec-3] com.tplu.service.FileProcessingService   : Processed artifact: [INFO]   jakarta.servlet:jakarta.servlet-api, Current Version: 5.0.0, New Version: 6.1.0
2024-07-08T11:40:43.596+05:30  INFO 5100 --- [ThirdPartyLibraryUpgrade] [http-nio-9001-exec-3] com.tplu.service.FileProcessingService   : Processed artifact: [INFO]   javax.servlet:javax.servlet-api, Current Version: 3.0.1, New Version: 4.0.1
2024-07-08T11:40:43.596+05:30  INFO 5100 --- [ThirdPartyLibraryUpgrade] [http-nio-9001-exec-3] com.tplu.service.FileProcessingService   : Processed artifact: [INFO]   org.apache.logging.log4j:log4j-core, Current Version: 2.23.1, New Version: 3.0.0-beta2
2024-07-08T11:40:43.597+05:30  INFO 5100 --- [ThirdPartyLibraryUpgrade] [http-nio-9001-exec-3] com.tplu.service.FileProcessingService   : Processed artifact: [INFO]   org.springframework.boot:spring-boot-starter-web, Current Version: 3.3.0, New Version: 3.3.1
